<?xml version="1.0" encoding="UTF-8"?>
<!-- Generated by org.testng.reporters.JUnitXMLReporter -->
<testsuite ignored="1" hostname="HP" failures="0" tests="3" name="Default test" time="19.018" errors="0" timestamp="2021-07-25T21:23:54 IST">
  <testcase classname="DemoQa.DemoQaPractice.WidgetsPractice" name="open_widgets_menu" time="0.146"/>
  <testcase classname="DemoQa.DemoQaPractice.WidgetsPractice" name="select_open_tabs_menu" time="0.204"/>
  <testcase classname="DemoQa.DemoQaPractice.WidgetsPractice" name="test_tab_menus" time="0.626"/>
  <testcase classname="DemoQa.DemoQaPractice.WidgetsPractice" name="select_Datepicker_menu" time="0.0">
    <ignored/>
  </testcase> <!-- select_Datepicker_menu -->
</testsuite> <!-- Default test -->
