<?xml version="1.0" encoding="UTF-8"?>
<testng-results ignored="0" total="2" passed="2" failed="0" skipped="0">
  <reporter-output>
  </reporter-output>
  <suite started-at="2021-07-16T11:27:55 IST" name="Default suite" finished-at="2021-07-16T11:28:08 IST" duration-ms="13305">
    <groups>
    </groups>
    <test started-at="2021-07-16T11:27:55 IST" name="Default test" finished-at="2021-07-16T11:28:08 IST" duration-ms="13305">
      <class name="DemoQa.DemoQaPractice.WidgetsPractice">
        <test-method is-config="true" signature="openBrowser()[pri:0, instance:DemoQa.DemoQaPractice.WidgetsPractice@63a12c68]" started-at="2021-07-16T11:27:55 IST" name="openBrowser" finished-at="2021-07-16T11:28:03 IST" duration-ms="7828" status="PASS">
          <reporter-output>
          </reporter-output>
        </test-method> <!-- openBrowser -->
        <test-method signature="open_widgets_menu()[pri:0, instance:DemoQa.DemoQaPractice.WidgetsPractice@63a12c68]" started-at="2021-07-16T11:28:03 IST" name="open_widgets_menu" finished-at="2021-07-16T11:28:03 IST" duration-ms="147" status="PASS">
          <reporter-output>
          </reporter-output>
        </test-method> <!-- open_widgets_menu -->
        <test-method signature="test_autocomplete()[pri:0, instance:DemoQa.DemoQaPractice.WidgetsPractice@63a12c68]" started-at="2021-07-16T11:28:03 IST" name="test_autocomplete" finished-at="2021-07-16T11:28:08 IST" depends-on-methods="DemoQa.DemoQaPractice.WidgetsPractice.open_widgets_menu" duration-ms="5266" status="PASS">
          <reporter-output>
          </reporter-output>
        </test-method> <!-- test_autocomplete -->
      </class> <!-- DemoQa.DemoQaPractice.WidgetsPractice -->
    </test> <!-- Default test -->
  </suite> <!-- Default suite -->
</testng-results>
